# vsim -l simulation.log -do "sim.do" -c Processor_tb_opt 
# Start time: 20:39:49 on Feb 09,2016
# //  Questa Sim-64
# //  Version 10.4c linux_x86_64 Jul 19 2015
# //
# //  Copyright 1991-2015 Mentor Graphics Corporation
# //  All Rights Reserved.
# //
# //  THIS WORK CONTAINS TRADE SECRET AND PROPRIETARY INFORMATION
# //  WHICH IS THE PROPERTY OF MENTOR GRAPHICS CORPORATION OR ITS
# //  LICENSORS AND IS SUBJECT TO LICENSE TERMS.
# //  THIS DOCUMENT CONTAINS TRADE SECRETS AND COMMERCIAL OR FINANCIAL
# //  INFORMATION THAT ARE PRIVILEGED, CONFIDENTIAL, AND EXEMPT FROM
# //  DISCLOSURE UNDER THE FREEDOM OF INFORMATION ACT, 5 U.S.C. SECTION 552.
# //  FURTHERMORE, THIS INFORMATION IS PROHIBITED FROM DISCLOSURE UNDER
# //  THE TRADE SECRETS ACT, 18 U.S.C. SECTION 1905.
# //
# Loading sv_std.std
# Loading work.Processor_tb(fast)
# Loading std.standard
# Loading std.textio(body)
# Loading ieee.std_logic_1164(body)
# Loading ieee.numeric_std(body)
# Loading work.processor(beh)#1
# Loading work.regfile(r_e_g_i_s_t_e_r)#1
# Loading work.alu(alu_arc)#1
# Loading work.control(beh)#1
# Loading work.ram(mem)#1
# Loading work.mux2to1(selector)#1
# Loading work.sign_extend(sign)#1
# Loading work.mux2to1_5(selector)#1
# Loading work.alu_control(beh)#1
# Loading ieee.numeric_std_unsigned(body)
# Loading work.imem(behave)#1
# Loading work.pc(beh)#1
# Loading work.adder(beh)#1
# Loading work.mux2to1_6(selector)#1
# do sim.do
# .
# waveform.wlf
# ** Warning: NUMERIC_STD.TO_INTEGER: metavalue detected, returning 0
#    Time: 0 ns  Iteration: 0  Instance: .Processor_tb.L1.COMPONENT10
# ** Warning: NUMERIC_STD.TO_INTEGER: metavalue detected, returning 0
#    Time: 0 ns  Iteration: 0  Instance: .Processor_tb.L1.COMPONENT4
# End time: 20:39:50 on Feb 09,2016, Elapsed time: 0:00:01
# Errors: 0, Warnings: 2
