# vsim -l simulation.log -do "sim.do" -c Processor_tb_opt 
# Start time: 18:09:06 on Mar 12,2016
# //  Questa Sim-64
# //  Version 10.4c linux_x86_64 Jul 19 2015
# //
# //  Copyright 1991-2015 Mentor Graphics Corporation
# //  All Rights Reserved.
# //
# //  THIS WORK CONTAINS TRADE SECRET AND PROPRIETARY INFORMATION
# //  WHICH IS THE PROPERTY OF MENTOR GRAPHICS CORPORATION OR ITS
# //  LICENSORS AND IS SUBJECT TO LICENSE TERMS.
# //  THIS DOCUMENT CONTAINS TRADE SECRETS AND COMMERCIAL OR FINANCIAL
# //  INFORMATION THAT ARE PRIVILEGED, CONFIDENTIAL, AND EXEMPT FROM
# //  DISCLOSURE UNDER THE FREEDOM OF INFORMATION ACT, 5 U.S.C. SECTION 552.
# //  FURTHERMORE, THIS INFORMATION IS PROHIBITED FROM DISCLOSURE UNDER
# //  THE TRADE SECRETS ACT, 18 U.S.C. SECTION 1905.
# //
# Loading sv_std.std
# Loading work.Processor_tb(fast)
# Loading std.standard
# Loading std.textio(body)
# Loading ieee.std_logic_1164(body)
# Loading ieee.numeric_std(body)
# Loading work.processor(beh)#1
# Loading work.regfile(r_e_g_i_s_t_e_r)#1
# Loading work.alu(alu_arc)#1
# Loading work.control(beh)#1
# Loading work.data_mem(mem)#1
# Loading work.sign_extend(sign)#1
# Loading work.extend(sign)#1
# Loading work.alu_control(beh)#1
# Loading ieee.numeric_std_unsigned(body)
# Loading work.imem(behave)#1
# Loading work.pc(beh)#1
# Loading work.adder(beh)#1
# Loading work.mux_6(selector)#1
# Loading work.mux_5(selector)#1
# Loading work.jump_mux(selector)#1
# Loading work.mux_32(selector)#1
# Loading work.mux_3to1(selector)#1
# Loading work.shift_concat(conc)#1
# Loading work.shiftl2(beh)#1
# Loading work.branch_adder(beh)#1
# Loading work.and_gate(ander)#1
# Loading work.loadchoice(lcr)#1
# Loading work.savechoice(scr)#1
# Loading work.lui_shifter(beh)#1
# Loading work.branch_comp(beh)#1
# Loading work.reg_ifid(regina)#1
# Loading work.reg_exmem(regina)#1
# Loading work.reg_id_ex(reg)#1
# Loading work.reg_mem_wb(regina)#1
# Loading work.hazard_unit(beh)#1
# do sim.do
# .
# waveform.wlf
# ** Warning: NUMERIC_STD."/=": metavalue detected, returning TRUE
#    Time: 0 ns  Iteration: 0  Instance: .Processor_tb.L1.HAZARD
# ** Warning: NUMERIC_STD."=": metavalue detected, returning FALSE
#    Time: 0 ns  Iteration: 0  Instance: .Processor_tb.L1.HAZARD
# ** Warning: NUMERIC_STD."/=": metavalue detected, returning TRUE
#    Time: 0 ns  Iteration: 0  Instance: .Processor_tb.L1.HAZARD
# ** Warning: NUMERIC_STD."=": metavalue detected, returning FALSE
#    Time: 0 ns  Iteration: 0  Instance: .Processor_tb.L1.HAZARD
# ** Warning: NUMERIC_STD."/=": metavalue detected, returning TRUE
#    Time: 0 ns  Iteration: 0  Instance: .Processor_tb.L1.HAZARD
# ** Warning: NUMERIC_STD."=": metavalue detected, returning FALSE
#    Time: 0 ns  Iteration: 0  Instance: .Processor_tb.L1.HAZARD
# ** Warning: NUMERIC_STD."/=": metavalue detected, returning TRUE
#    Time: 0 ns  Iteration: 0  Instance: .Processor_tb.L1.HAZARD
# ** Warning: NUMERIC_STD."=": metavalue detected, returning FALSE
#    Time: 0 ns  Iteration: 0  Instance: .Processor_tb.L1.HAZARD
# ** Warning: NUMERIC_STD."/=": metavalue detected, returning TRUE
#    Time: 0 ns  Iteration: 1  Instance: .Processor_tb.L1.HAZARD
# ** Warning: NUMERIC_STD."=": metavalue detected, returning FALSE
#    Time: 0 ns  Iteration: 1  Instance: .Processor_tb.L1.HAZARD
# ** Warning: NUMERIC_STD."/=": metavalue detected, returning TRUE
#    Time: 0 ns  Iteration: 1  Instance: .Processor_tb.L1.HAZARD
# ** Warning: NUMERIC_STD."=": metavalue detected, returning FALSE
#    Time: 0 ns  Iteration: 1  Instance: .Processor_tb.L1.HAZARD
# ** Warning: NUMERIC_STD."/=": metavalue detected, returning TRUE
#    Time: 0 ns  Iteration: 1  Instance: .Processor_tb.L1.HAZARD
# ** Warning: NUMERIC_STD."=": metavalue detected, returning FALSE
#    Time: 0 ns  Iteration: 1  Instance: .Processor_tb.L1.HAZARD
# ** Warning: NUMERIC_STD."/=": metavalue detected, returning TRUE
#    Time: 0 ns  Iteration: 1  Instance: .Processor_tb.L1.HAZARD
# ** Warning: NUMERIC_STD."=": metavalue detected, returning FALSE
#    Time: 0 ns  Iteration: 1  Instance: .Processor_tb.L1.HAZARD
# ** Warning: NUMERIC_STD."/=": metavalue detected, returning TRUE
#    Time: 50 ns  Iteration: 1  Instance: .Processor_tb.L1.HAZARD
# ** Warning: NUMERIC_STD."=": metavalue detected, returning FALSE
#    Time: 50 ns  Iteration: 1  Instance: .Processor_tb.L1.HAZARD
# ** Warning: NUMERIC_STD."/=": metavalue detected, returning TRUE
#    Time: 50 ns  Iteration: 1  Instance: .Processor_tb.L1.HAZARD
# ** Warning: NUMERIC_STD."=": metavalue detected, returning FALSE
#    Time: 50 ns  Iteration: 1  Instance: .Processor_tb.L1.HAZARD
# ** Warning: NUMERIC_STD."/=": metavalue detected, returning TRUE
#    Time: 50 ns  Iteration: 1  Instance: .Processor_tb.L1.HAZARD
# ** Warning: NUMERIC_STD."=": metavalue detected, returning FALSE
#    Time: 50 ns  Iteration: 1  Instance: .Processor_tb.L1.HAZARD
# ** Warning: NUMERIC_STD."/=": metavalue detected, returning TRUE
#    Time: 50 ns  Iteration: 1  Instance: .Processor_tb.L1.HAZARD
# ** Warning: NUMERIC_STD."=": metavalue detected, returning FALSE
#    Time: 50 ns  Iteration: 1  Instance: .Processor_tb.L1.HAZARD
# ** Warning: NUMERIC_STD."/=": metavalue detected, returning TRUE
#    Time: 100 ns  Iteration: 1  Instance: .Processor_tb.L1.HAZARD
# ** Warning: NUMERIC_STD."=": metavalue detected, returning FALSE
#    Time: 100 ns  Iteration: 1  Instance: .Processor_tb.L1.HAZARD
# ** Warning: NUMERIC_STD."/=": metavalue detected, returning TRUE
#    Time: 100 ns  Iteration: 1  Instance: .Processor_tb.L1.HAZARD
# ** Warning: NUMERIC_STD."=": metavalue detected, returning FALSE
#    Time: 100 ns  Iteration: 1  Instance: .Processor_tb.L1.HAZARD
# ** Warning: NUMERIC_STD."/=": metavalue detected, returning TRUE
#    Time: 100 ns  Iteration: 1  Instance: .Processor_tb.L1.HAZARD
# ** Warning: NUMERIC_STD."=": metavalue detected, returning FALSE
#    Time: 100 ns  Iteration: 1  Instance: .Processor_tb.L1.HAZARD
# ** Warning: NUMERIC_STD."/=": metavalue detected, returning TRUE
#    Time: 100 ns  Iteration: 1  Instance: .Processor_tb.L1.HAZARD
# ** Warning: NUMERIC_STD."=": metavalue detected, returning FALSE
#    Time: 100 ns  Iteration: 1  Instance: .Processor_tb.L1.HAZARD
# ** Warning: NUMERIC_STD."/=": metavalue detected, returning TRUE
#    Time: 150 ns  Iteration: 1  Instance: .Processor_tb.L1.HAZARD
# ** Warning: NUMERIC_STD."=": metavalue detected, returning FALSE
#    Time: 150 ns  Iteration: 1  Instance: .Processor_tb.L1.HAZARD
# ** Warning: NUMERIC_STD."/=": metavalue detected, returning TRUE
#    Time: 150 ns  Iteration: 1  Instance: .Processor_tb.L1.HAZARD
# ** Warning: NUMERIC_STD."=": metavalue detected, returning FALSE
#    Time: 150 ns  Iteration: 1  Instance: .Processor_tb.L1.HAZARD
# ** Warning: NUMERIC_STD."/=": metavalue detected, returning TRUE
#    Time: 150 ns  Iteration: 1  Instance: .Processor_tb.L1.HAZARD
# ** Warning: NUMERIC_STD."=": metavalue detected, returning FALSE
#    Time: 150 ns  Iteration: 1  Instance: .Processor_tb.L1.HAZARD
# ** Warning: NUMERIC_STD."/=": metavalue detected, returning TRUE
#    Time: 150 ns  Iteration: 1  Instance: .Processor_tb.L1.HAZARD
# ** Warning: NUMERIC_STD."=": metavalue detected, returning FALSE
#    Time: 150 ns  Iteration: 1  Instance: .Processor_tb.L1.HAZARD
# ** Warning: NUMERIC_STD."/=": metavalue detected, returning TRUE
#    Time: 200 ns  Iteration: 1  Instance: .Processor_tb.L1.HAZARD
# ** Warning: NUMERIC_STD."=": metavalue detected, returning FALSE
#    Time: 200 ns  Iteration: 1  Instance: .Processor_tb.L1.HAZARD
# ** Warning: NUMERIC_STD."/=": metavalue detected, returning TRUE
#    Time: 200 ns  Iteration: 1  Instance: .Processor_tb.L1.HAZARD
# ** Warning: NUMERIC_STD."=": metavalue detected, returning FALSE
#    Time: 200 ns  Iteration: 1  Instance: .Processor_tb.L1.HAZARD
# ** Warning: NUMERIC_STD."/=": metavalue detected, returning TRUE
#    Time: 200 ns  Iteration: 1  Instance: .Processor_tb.L1.HAZARD
# ** Warning: NUMERIC_STD."=": metavalue detected, returning FALSE
#    Time: 200 ns  Iteration: 1  Instance: .Processor_tb.L1.HAZARD
# ** Warning: NUMERIC_STD."/=": metavalue detected, returning TRUE
#    Time: 200 ns  Iteration: 1  Instance: .Processor_tb.L1.HAZARD
# ** Warning: NUMERIC_STD."=": metavalue detected, returning FALSE
#    Time: 200 ns  Iteration: 1  Instance: .Processor_tb.L1.HAZARD
# ** Warning: NUMERIC_STD."/=": metavalue detected, returning TRUE
#    Time: 250 ns  Iteration: 1  Instance: .Processor_tb.L1.HAZARD
# ** Warning: NUMERIC_STD."=": metavalue detected, returning FALSE
#    Time: 250 ns  Iteration: 1  Instance: .Processor_tb.L1.HAZARD
# ** Warning: NUMERIC_STD."/=": metavalue detected, returning TRUE
#    Time: 250 ns  Iteration: 1  Instance: .Processor_tb.L1.HAZARD
# ** Warning: NUMERIC_STD."=": metavalue detected, returning FALSE
#    Time: 250 ns  Iteration: 1  Instance: .Processor_tb.L1.HAZARD
# ** Warning: NUMERIC_STD."/=": metavalue detected, returning TRUE
#    Time: 250 ns  Iteration: 1  Instance: .Processor_tb.L1.HAZARD
# ** Warning: NUMERIC_STD."=": metavalue detected, returning FALSE
#    Time: 250 ns  Iteration: 1  Instance: .Processor_tb.L1.HAZARD
# ** Warning: NUMERIC_STD."/=": metavalue detected, returning TRUE
#    Time: 250 ns  Iteration: 1  Instance: .Processor_tb.L1.HAZARD
# ** Warning: NUMERIC_STD."=": metavalue detected, returning FALSE
#    Time: 250 ns  Iteration: 1  Instance: .Processor_tb.L1.HAZARD
# ** Warning: NUMERIC_STD."=": metavalue detected, returning FALSE
#    Time: 300 ns  Iteration: 1  Instance: .Processor_tb.L1.HAZARD
# ** Warning: NUMERIC_STD."=": metavalue detected, returning FALSE
#    Time: 300 ns  Iteration: 1  Instance: .Processor_tb.L1.HAZARD
# ** Warning: NUMERIC_STD."=": metavalue detected, returning FALSE
#    Time: 350 ns  Iteration: 1  Instance: .Processor_tb.L1.HAZARD
# ** Warning: NUMERIC_STD."=": metavalue detected, returning FALSE
#    Time: 350 ns  Iteration: 1  Instance: .Processor_tb.L1.HAZARD
# ** Warning: NUMERIC_STD."=": metavalue detected, returning FALSE
#    Time: 400 ns  Iteration: 1  Instance: .Processor_tb.L1.HAZARD
# ** Warning: NUMERIC_STD."=": metavalue detected, returning FALSE
#    Time: 450 ns  Iteration: 1  Instance: .Processor_tb.L1.HAZARD
# ** Warning: NUMERIC_STD."/=": metavalue detected, returning TRUE
#    Time: 600 ns  Iteration: 1  Instance: .Processor_tb.L1.HAZARD
# ** Warning: NUMERIC_STD."=": metavalue detected, returning FALSE
#    Time: 600 ns  Iteration: 1  Instance: .Processor_tb.L1.HAZARD
# ** Warning: NUMERIC_STD."/=": metavalue detected, returning TRUE
#    Time: 600 ns  Iteration: 1  Instance: .Processor_tb.L1.HAZARD
# ** Warning: NUMERIC_STD."=": metavalue detected, returning FALSE
#    Time: 600 ns  Iteration: 1  Instance: .Processor_tb.L1.HAZARD
# ** Warning: NUMERIC_STD."/=": metavalue detected, returning TRUE
#    Time: 600 ns  Iteration: 1  Instance: .Processor_tb.L1.HAZARD
# ** Warning: NUMERIC_STD."=": metavalue detected, returning FALSE
#    Time: 600 ns  Iteration: 1  Instance: .Processor_tb.L1.HAZARD
# ** Warning: NUMERIC_STD."/=": metavalue detected, returning TRUE
#    Time: 600 ns  Iteration: 1  Instance: .Processor_tb.L1.HAZARD
# ** Warning: NUMERIC_STD."=": metavalue detected, returning FALSE
#    Time: 600 ns  Iteration: 1  Instance: .Processor_tb.L1.HAZARD
# ** Warning: NUMERIC_STD."/=": metavalue detected, returning TRUE
#    Time: 650 ns  Iteration: 1  Instance: .Processor_tb.L1.HAZARD
# ** Warning: NUMERIC_STD."=": metavalue detected, returning FALSE
#    Time: 650 ns  Iteration: 1  Instance: .Processor_tb.L1.HAZARD
# ** Warning: NUMERIC_STD."/=": metavalue detected, returning TRUE
#    Time: 650 ns  Iteration: 1  Instance: .Processor_tb.L1.HAZARD
# ** Warning: NUMERIC_STD."=": metavalue detected, returning FALSE
#    Time: 650 ns  Iteration: 1  Instance: .Processor_tb.L1.HAZARD
# ** Warning: NUMERIC_STD."/=": metavalue detected, returning TRUE
#    Time: 650 ns  Iteration: 1  Instance: .Processor_tb.L1.HAZARD
# ** Warning: NUMERIC_STD."=": metavalue detected, returning FALSE
#    Time: 650 ns  Iteration: 1  Instance: .Processor_tb.L1.HAZARD
# ** Warning: NUMERIC_STD."/=": metavalue detected, returning TRUE
#    Time: 650 ns  Iteration: 1  Instance: .Processor_tb.L1.HAZARD
# ** Warning: NUMERIC_STD."=": metavalue detected, returning FALSE
#    Time: 650 ns  Iteration: 1  Instance: .Processor_tb.L1.HAZARD
# ** Warning: NUMERIC_STD."=": metavalue detected, returning FALSE
#    Time: 650 ns  Iteration: 3  Instance: .Processor_tb.L1.ALUU
# ** Warning: NUMERIC_STD."=": metavalue detected, returning FALSE
#    Time: 700 ns  Iteration: 1  Instance: .Processor_tb.L1.HAZARD
# ** Warning: NUMERIC_STD."=": metavalue detected, returning FALSE
#    Time: 700 ns  Iteration: 1  Instance: .Processor_tb.L1.HAZARD
# ** Warning: NUMERIC_STD."=": metavalue detected, returning FALSE
#    Time: 750 ns  Iteration: 1  Instance: .Processor_tb.L1.HAZARD
# ** Warning: NUMERIC_STD."=": metavalue detected, returning FALSE
#    Time: 750 ns  Iteration: 1  Instance: .Processor_tb.L1.HAZARD
# ** Warning: NUMERIC_STD."=": metavalue detected, returning FALSE
#    Time: 800 ns  Iteration: 1  Instance: .Processor_tb.L1.HAZARD
# ** Warning: NUMERIC_STD."=": metavalue detected, returning FALSE
#    Time: 850 ns  Iteration: 1  Instance: .Processor_tb.L1.HAZARD
# ** Warning: NUMERIC_STD."/=": metavalue detected, returning TRUE
#    Time: 1800 ns  Iteration: 1  Instance: .Processor_tb.L1.HAZARD
# ** Warning: NUMERIC_STD."=": metavalue detected, returning FALSE
#    Time: 1800 ns  Iteration: 1  Instance: .Processor_tb.L1.HAZARD
# ** Warning: NUMERIC_STD."/=": metavalue detected, returning TRUE
#    Time: 1800 ns  Iteration: 1  Instance: .Processor_tb.L1.HAZARD
# ** Warning: NUMERIC_STD."=": metavalue detected, returning FALSE
#    Time: 1800 ns  Iteration: 1  Instance: .Processor_tb.L1.HAZARD
# ** Warning: NUMERIC_STD."/=": metavalue detected, returning TRUE
#    Time: 1800 ns  Iteration: 1  Instance: .Processor_tb.L1.HAZARD
# ** Warning: NUMERIC_STD."=": metavalue detected, returning FALSE
#    Time: 1800 ns  Iteration: 1  Instance: .Processor_tb.L1.HAZARD
# ** Warning: NUMERIC_STD."/=": metavalue detected, returning TRUE
#    Time: 1800 ns  Iteration: 1  Instance: .Processor_tb.L1.HAZARD
# ** Warning: NUMERIC_STD."=": metavalue detected, returning FALSE
#    Time: 1800 ns  Iteration: 1  Instance: .Processor_tb.L1.HAZARD
# ** Warning: NUMERIC_STD."/=": metavalue detected, returning TRUE
#    Time: 1850 ns  Iteration: 1  Instance: .Processor_tb.L1.HAZARD
# ** Warning: NUMERIC_STD."=": metavalue detected, returning FALSE
#    Time: 1850 ns  Iteration: 1  Instance: .Processor_tb.L1.HAZARD
# ** Warning: NUMERIC_STD."/=": metavalue detected, returning TRUE
#    Time: 1850 ns  Iteration: 1  Instance: .Processor_tb.L1.HAZARD
# ** Warning: NUMERIC_STD."=": metavalue detected, returning FALSE
#    Time: 1850 ns  Iteration: 1  Instance: .Processor_tb.L1.HAZARD
# ** Warning: NUMERIC_STD."/=": metavalue detected, returning TRUE
#    Time: 1850 ns  Iteration: 1  Instance: .Processor_tb.L1.HAZARD
# ** Warning: NUMERIC_STD."=": metavalue detected, returning FALSE
#    Time: 1850 ns  Iteration: 1  Instance: .Processor_tb.L1.HAZARD
# ** Warning: NUMERIC_STD."/=": metavalue detected, returning TRUE
#    Time: 1850 ns  Iteration: 1  Instance: .Processor_tb.L1.HAZARD
# ** Warning: NUMERIC_STD."=": metavalue detected, returning FALSE
#    Time: 1850 ns  Iteration: 1  Instance: .Processor_tb.L1.HAZARD
# ** Warning: NUMERIC_STD."=": metavalue detected, returning FALSE
#    Time: 1900 ns  Iteration: 1  Instance: .Processor_tb.L1.HAZARD
# ** Warning: NUMERIC_STD."=": metavalue detected, returning FALSE
#    Time: 1900 ns  Iteration: 1  Instance: .Processor_tb.L1.HAZARD
# ** Warning: NUMERIC_STD."=": metavalue detected, returning FALSE
#    Time: 1950 ns  Iteration: 1  Instance: .Processor_tb.L1.HAZARD
# ** Warning: NUMERIC_STD."=": metavalue detected, returning FALSE
#    Time: 1950 ns  Iteration: 1  Instance: .Processor_tb.L1.HAZARD
# ** Warning: NUMERIC_STD."=": metavalue detected, returning FALSE
#    Time: 2 us  Iteration: 1  Instance: .Processor_tb.L1.HAZARD
# ** Warning: NUMERIC_STD."=": metavalue detected, returning FALSE
#    Time: 2 us  Iteration: 1  Instance: .Processor_tb.L1.HAZARD
# ** Warning: NUMERIC_STD."=": metavalue detected, returning FALSE
#    Time: 2050 ns  Iteration: 1  Instance: .Processor_tb.L1.HAZARD
# ** Warning: NUMERIC_STD."=": metavalue detected, returning FALSE
#    Time: 2050 ns  Iteration: 1  Instance: .Processor_tb.L1.HAZARD
# ** Warning: NUMERIC_STD."/=": metavalue detected, returning TRUE
#    Time: 2600 ns  Iteration: 1  Instance: .Processor_tb.L1.HAZARD
# ** Warning: NUMERIC_STD."=": metavalue detected, returning FALSE
#    Time: 2600 ns  Iteration: 1  Instance: .Processor_tb.L1.HAZARD
# ** Warning: NUMERIC_STD."/=": metavalue detected, returning TRUE
#    Time: 2600 ns  Iteration: 1  Instance: .Processor_tb.L1.HAZARD
# ** Warning: NUMERIC_STD."=": metavalue detected, returning FALSE
#    Time: 2600 ns  Iteration: 1  Instance: .Processor_tb.L1.HAZARD
# ** Warning: NUMERIC_STD."/=": metavalue detected, returning TRUE
#    Time: 2600 ns  Iteration: 1  Instance: .Processor_tb.L1.HAZARD
# ** Warning: NUMERIC_STD."=": metavalue detected, returning FALSE
#    Time: 2600 ns  Iteration: 1  Instance: .Processor_tb.L1.HAZARD
# ** Warning: NUMERIC_STD."/=": metavalue detected, returning TRUE
#    Time: 2600 ns  Iteration: 1  Instance: .Processor_tb.L1.HAZARD
# ** Warning: NUMERIC_STD."=": metavalue detected, returning FALSE
#    Time: 2600 ns  Iteration: 1  Instance: .Processor_tb.L1.HAZARD
# ** Warning: NUMERIC_STD."/=": metavalue detected, returning TRUE
#    Time: 2650 ns  Iteration: 1  Instance: .Processor_tb.L1.HAZARD
# ** Warning: NUMERIC_STD."=": metavalue detected, returning FALSE
#    Time: 2650 ns  Iteration: 1  Instance: .Processor_tb.L1.HAZARD
# ** Warning: NUMERIC_STD."/=": metavalue detected, returning TRUE
#    Time: 2650 ns  Iteration: 1  Instance: .Processor_tb.L1.HAZARD
# ** Warning: NUMERIC_STD."=": metavalue detected, returning FALSE
#    Time: 2650 ns  Iteration: 1  Instance: .Processor_tb.L1.HAZARD
# ** Warning: NUMERIC_STD."/=": metavalue detected, returning TRUE
#    Time: 2650 ns  Iteration: 1  Instance: .Processor_tb.L1.HAZARD
# ** Warning: NUMERIC_STD."=": metavalue detected, returning FALSE
#    Time: 2650 ns  Iteration: 1  Instance: .Processor_tb.L1.HAZARD
# ** Warning: NUMERIC_STD."/=": metavalue detected, returning TRUE
#    Time: 2650 ns  Iteration: 1  Instance: .Processor_tb.L1.HAZARD
# ** Warning: NUMERIC_STD."=": metavalue detected, returning FALSE
#    Time: 2650 ns  Iteration: 1  Instance: .Processor_tb.L1.HAZARD
# ** Warning: NUMERIC_STD."=": metavalue detected, returning FALSE
#    Time: 2700 ns  Iteration: 1  Instance: .Processor_tb.L1.HAZARD
# ** Warning: NUMERIC_STD."=": metavalue detected, returning FALSE
#    Time: 2700 ns  Iteration: 1  Instance: .Processor_tb.L1.HAZARD
# ** Warning: NUMERIC_STD."=": metavalue detected, returning FALSE
#    Time: 2750 ns  Iteration: 1  Instance: .Processor_tb.L1.HAZARD
# ** Warning: NUMERIC_STD."=": metavalue detected, returning FALSE
#    Time: 2750 ns  Iteration: 1  Instance: .Processor_tb.L1.HAZARD
# End time: 18:09:07 on Mar 12,2016, Elapsed time: 0:00:01
# Errors: 0, Warnings: 129
